<?xml version="1.0"?>
<testsuites>
  <testsuite name="Chrome 33.0.1750 (Windows 7)" package="e2e" timestamp="2014-03-17T12:49:24" id="0" hostname="NEO-R049" tests="1" errors="0" failures="0" time="3.048">
    <properties>
      <property name="browser.fullName" value="Mozilla/5.0 (Windows NT 6.1; WOW64) AppleWebKit/537.36 (KHTML, like Gecko) Chrome/33.0.1750.146 Safari/537.36"/>
    </properties>
    <testcase name="ensures user can log in" time="3.048" classname="e2e Chrome 33.0.1750 (Windows 7).Test Login scenario"/>
    <system-out><![CDATA[
]]></system-out>
    <system-err/>
  </testsuite>
</testsuites>
