<?xml version="1.0" encoding="UTF-8" ?>
<testsuites>
<testsuite name="Test forgot password scenario" errors="0" tests="2" failures="0" time="10.343" timestamp="2014-04-30T10:13:35">
  <testcase classname="Test forgot password scenario" name="should keep invalid forgotPassword form on this page" time="3.68"></testcase>
  <testcase classname="Test forgot password scenario" name="ensures forgotPassword form is valid" time="6.661"></testcase>
</testsuite>
</testsuites>